<?xml version="1.0" encoding="UTF-8"?>
<!-- Generated by org.testng.reporters.JUnitReportReporter -->
<testsuite hostname="DESKTOP-V20L4KL" failures="0" tests="1" name="com.test.java.classes.LocobuzzKeywordConfigRealTimeComplaintWebsiteAdvanceWorkflowFunctionality" time="125.186" errors="0" timestamp="2022-07-25T15:52:55 IST" skipped="0">
  <testcase classname="com.test.java.classes.LocobuzzKeywordConfigRealTimeComplaintWebsiteAdvanceWorkflowFunctionality" name="KeywordConfiguration" time="125.186"/>
  <system-out/>
</testsuite> <!-- com.test.java.classes.LocobuzzKeywordConfigRealTimeComplaintWebsiteAdvanceWorkflowFunctionality -->
