<?xml version="1.0" encoding="UTF-8"?>
<!-- Generated by org.testng.reporters.JUnitReportReporter -->
<testsuite hostname="DESKTOP-V20L4KL" failures="0" tests="1" name="com.test.java.classes.LocobuzzAWAGMBPPTDownloadFunctionality" time="371.192" errors="0" timestamp="2023-03-31T14:27:10 IST" skipped="0">
  <testcase classname="com.test.java.classes.LocobuzzAWAGMBPPTDownloadFunctionality" name="AWA" time="371.192"/>
  <system-out/>
</testsuite> <!-- com.test.java.classes.LocobuzzAWAGMBPPTDownloadFunctionality -->
