<?xml version="1.0" encoding="UTF-8"?>
<!-- Generated by org.testng.reporters.JUnitReportReporter -->
<testsuite hostname="DESKTOP-V20L4KL" failures="0" tests="1" name="com.test.java.classes.ExcelReportMentionTicketWorkflowReportV2Functionality" time="172.326" errors="0" timestamp="2022-12-05T16:36:24 IST" skipped="0">
  <testcase classname="com.test.java.classes.ExcelReportMentionTicketWorkflowReportV2Functionality" name="ExcelReport" time="172.326"/>
  <system-out/>
</testsuite> <!-- com.test.java.classes.ExcelReportMentionTicketWorkflowReportV2Functionality -->
