<?xml version="1.0" encoding="UTF-8"?>
<!-- Generated by org.testng.reporters.JUnitReportReporter -->
<testsuite hostname="DESKTOP-V20L4KL" failures="0" tests="1" name="com.test.java.classes.LocobuzzCSDAccountSectionProfileFunctionality" time="61.583" errors="0" timestamp="2023-01-04T10:38:46 IST" skipped="0">
  <testcase classname="com.test.java.classes.LocobuzzCSDAccountSectionProfileFunctionality" name="Profile" time="61.583"/>
  <system-out/>
</testsuite> <!-- com.test.java.classes.LocobuzzCSDAccountSectionProfileFunctionality -->
