<?xml version="1.0" encoding="UTF-8"?>
<!-- Generated by org.testng.reporters.JUnitReportReporter -->
<testsuite hostname="DESKTOP-V20L4KL" failures="0" tests="1" name="com.test.java.classes.LocobuzzKeywordConfigRealTimeTeamBHPWorkflowFunctionality" time="106.443" errors="0" timestamp="2022-07-21T16:31:04 IST" skipped="0">
  <testcase classname="com.test.java.classes.LocobuzzKeywordConfigRealTimeTeamBHPWorkflowFunctionality" name="KeywordConfiguration" time="106.443"/>
  <system-out/>
</testsuite> <!-- com.test.java.classes.LocobuzzKeywordConfigRealTimeTeamBHPWorkflowFunctionality -->
