<?xml version="1.0" encoding="UTF-8"?>
<!-- Generated by org.testng.reporters.JUnitReportReporter -->
<testsuite hostname="DESKTOP-V20L4KL" failures="0" tests="1" name="com.test.java.classes.LocobuzzAWAInfluencerPPTDownloadFunctionality" time="351.650" errors="0" timestamp="2023-03-29T15:44:20 IST" skipped="0">
  <testcase classname="com.test.java.classes.LocobuzzAWAInfluencerPPTDownloadFunctionality" name="AWA" time="351.650"/>
  <system-out/>
</testsuite> <!-- com.test.java.classes.LocobuzzAWAInfluencerPPTDownloadFunctionality -->
