<?xml version="1.0" encoding="UTF-8"?>
<!-- Generated by org.testng.reporters.JUnitReportReporter -->
<testsuite hostname="DESKTOP-V20L4KL" failures="0" tests="1" name="com.test.java.classes.ExcelReportUIComponentsFunctionality" time="60.664" errors="0" timestamp="2022-10-01T10:32:07 IST" skipped="0">
  <testcase classname="com.test.java.classes.ExcelReportUIComponentsFunctionality" name="ExcelReport" time="60.664"/>
  <system-out/>
</testsuite> <!-- com.test.java.classes.ExcelReportUIComponentsFunctionality -->
