<?xml version="1.0" encoding="UTF-8"?>
<!-- Generated by org.testng.reporters.JUnitReportReporter -->
<testsuite hostname="DESKTOP-V20L4KL" failures="0" tests="1" name="com.test.java.classes.LocobuzzKeywordConfigurationUIComponentsFunctionality" time="84.992" errors="0" timestamp="2022-07-20T10:36:54 IST" skipped="0">
  <testcase classname="com.test.java.classes.LocobuzzKeywordConfigurationUIComponentsFunctionality" name="KeywordConfiguration" time="84.992"/>
  <system-out/>
</testsuite> <!-- com.test.java.classes.LocobuzzKeywordConfigurationUIComponentsFunctionality -->
