<?xml version="1.0" encoding="UTF-8"?>
<!-- Generated by org.testng.reporters.JUnitReportReporter -->
<testsuite hostname="DESKTOP-V20L4KL" failures="0" tests="1" name="com.test.java.classes.LocobuzzAutoClosureSettingsWorkflowFunctionality" time="289.290" errors="0" timestamp="2022-07-20T11:43:16 IST" skipped="0">
  <testcase classname="com.test.java.classes.LocobuzzAutoClosureSettingsWorkflowFunctionality" name="AutoClosureSettings" time="289.290"/>
  <system-out/>
</testsuite> <!-- com.test.java.classes.LocobuzzAutoClosureSettingsWorkflowFunctionality -->
