<?xml version="1.0" encoding="UTF-8"?>
<!-- Generated by org.testng.reporters.JUnitReportReporter -->
<testsuite hostname="DESKTOP-V20L4KL" failures="0" tests="1" name="com.test.java.classes.LocobuzzMessagingWindowSettingsUIComponentsFunctionality" time="54.657" errors="0" timestamp="2023-01-06T10:10:42 IST" skipped="0">
  <testcase classname="com.test.java.classes.LocobuzzMessagingWindowSettingsUIComponentsFunctionality" name="MessagingWindowSettings" time="54.657"/>
  <system-out/>
</testsuite> <!-- com.test.java.classes.LocobuzzMessagingWindowSettingsUIComponentsFunctionality -->
