<?xml version="1.0" encoding="UTF-8"?>
<!-- Generated by org.testng.reporters.JUnitReportReporter -->
<testsuite hostname="DESKTOP-V20L4KL" failures="0" tests="1" name="com.test.java.classes.LocobuzzMakerCheckerWorkflowFunctionality" time="257.693" errors="0" timestamp="2022-09-06T10:35:16 IST" skipped="0">
  <testcase classname="com.test.java.classes.LocobuzzMakerCheckerWorkflowFunctionality" name="MakerChecker" time="257.693"/>
  <system-out/>
</testsuite> <!-- com.test.java.classes.LocobuzzMakerCheckerWorkflowFunctionality -->
