<?xml version="1.0" encoding="UTF-8"?>
<!-- Generated by org.testng.reporters.JUnitReportReporter -->
<testsuite hostname="DESKTOP-V20L4KL" failures="0" tests="1" name="com.test.java.classes.InstagramTicketWorkflowFunctionality" time="379.676" errors="0" timestamp="2022-07-13T10:01:19 IST" skipped="0">
  <testcase classname="com.test.java.classes.InstagramTicketWorkflowFunctionality" name="ticketFunctionality" time="379.676"/>
  <system-out/>
</testsuite> <!-- com.test.java.classes.InstagramTicketWorkflowFunctionality -->
