<?xml version="1.0" encoding="UTF-8"?>
<!-- Generated by org.testng.reporters.JUnitReportReporter -->
<testsuite hostname="DESKTOP-V20L4KL" failures="0" tests="1" name="com.test.java.classes.LocobuzzAWACampaignAnalyticsPPTDownloadFunctionality" time="369.745" errors="0" timestamp="2023-03-30T11:53:11 IST" skipped="0">
  <testcase classname="com.test.java.classes.LocobuzzAWACampaignAnalyticsPPTDownloadFunctionality" name="AWA" time="369.745"/>
  <system-out/>
</testsuite> <!-- com.test.java.classes.LocobuzzAWACampaignAnalyticsPPTDownloadFunctionality -->
