<?xml version="1.0" encoding="UTF-8"?>
<!-- Generated by org.testng.reporters.JUnitReportReporter -->
<testsuite hostname="DESKTOP-V20L4KL" failures="0" tests="1" name="com.test.java.classes.FacebookChatbotCustomerWorkFlowFunctionality" time="239.466" errors="0" timestamp="2022-08-24T13:20:44 IST" skipped="0">
  <testcase classname="com.test.java.classes.FacebookChatbotCustomerWorkFlowFunctionality" name="ticketsFunctionality" time="239.466"/>
  <system-out/>
</testsuite> <!-- com.test.java.classes.FacebookChatbotCustomerWorkFlowFunctionality -->
