<?xml version="1.0" encoding="UTF-8"?>
<!-- Generated by org.testng.reporters.JUnitReportReporter -->
<testsuite hostname="DESKTOP-V20L4KL" failures="0" tests="1" name="com.test.java.classes.ExcelReportPostPerformanceReportFunctionality" time="408.709" errors="0" timestamp="2022-10-14T11:14:59 IST" skipped="0">
  <testcase classname="com.test.java.classes.ExcelReportPostPerformanceReportFunctionality" name="ExcelReport" time="408.709"/>
  <system-out/>
</testsuite> <!-- com.test.java.classes.ExcelReportPostPerformanceReportFunctionality -->
