<?xml version="1.0" encoding="UTF-8"?>
<!-- Generated by org.testng.reporters.JUnitReportReporter -->
<testsuite hostname="DESKTOP-V20L4KL" failures="0" tests="1" name="com.test.java.classes.ExcelReportTicketCustomTemplateFunctionality" time="277.758" errors="0" timestamp="2022-11-01T12:06:08 IST" skipped="0">
  <testcase classname="com.test.java.classes.ExcelReportTicketCustomTemplateFunctionality" name="ExcelReport" time="277.758"/>
  <system-out/>
</testsuite> <!-- com.test.java.classes.ExcelReportTicketCustomTemplateFunctionality -->
