<?xml version="1.0" encoding="UTF-8"?>
<!-- Generated by org.testng.reporters.JUnitReportReporter -->
<testsuite hostname="DESKTOP-V20L4KL" failures="0" tests="1" name="com.test.java.classes.ExcelReportGMBLocationDataReportFunctionality" time="121.346" errors="0" timestamp="2022-10-17T16:17:17 IST" skipped="0">
  <testcase classname="com.test.java.classes.ExcelReportGMBLocationDataReportFunctionality" name="ExcelReport" time="121.346"/>
  <system-out/>
</testsuite> <!-- com.test.java.classes.ExcelReportGMBLocationDataReportFunctionality -->
