<?xml version="1.0" encoding="UTF-8"?>
<!-- Generated by org.testng.reporters.JUnitReportReporter -->
<testsuite hostname="DESKTOP-V20L4KL" failures="0" tests="1" name="com.test.java.classes.LocobuzzHelpRaiseIssueUIComponentsFunctionality" time="43.017" errors="0" timestamp="2022-12-20T12:44:16 IST" skipped="0">
  <testcase classname="com.test.java.classes.LocobuzzHelpRaiseIssueUIComponentsFunctionality" name="HelpRaiseIssue" time="43.017"/>
  <system-out/>
</testsuite> <!-- com.test.java.classes.LocobuzzHelpRaiseIssueUIComponentsFunctionality -->
