<?xml version="1.0" encoding="UTF-8"?>
<!-- Generated by org.testng.reporters.JUnitReportReporter -->
<testsuite hostname="DESKTOP-V20L4KL" failures="0" tests="1" name="com.test.java.classes.LocobuzzDataConsumptionAlertUIComponentsFunctionality" time="38.756" errors="0" timestamp="2023-01-03T13:01:29 IST" skipped="0">
  <testcase classname="com.test.java.classes.LocobuzzDataConsumptionAlertUIComponentsFunctionality" name="DataConsumptionAlert" time="38.756"/>
  <system-out/>
</testsuite> <!-- com.test.java.classes.LocobuzzDataConsumptionAlertUIComponentsFunctionality -->
