<?xml version="1.0" encoding="UTF-8"?>
<!-- Generated by org.testng.reporters.JUnitReportReporter -->
<testsuite hostname="DESKTOP-V20L4KL" failures="0" tests="1" name="com.test.java.classes.LocobuzzQueueConfigurationUIComponentsFunctionality" time="77.939" errors="0" timestamp="2022-12-20T17:54:14 IST" skipped="0">
  <testcase classname="com.test.java.classes.LocobuzzQueueConfigurationUIComponentsFunctionality" name="QueueConfiguration" time="77.939"/>
  <system-out/>
</testsuite> <!-- com.test.java.classes.LocobuzzQueueConfigurationUIComponentsFunctionality -->
