<?xml version="1.0" encoding="UTF-8"?>
<!-- Generated by org.testng.reporters.JUnitReportReporter -->
<testsuite hostname="DESKTOP-V20L4KL" failures="0" tests="1" name="com.test.java.classes.LocobuzzAWACompetitionBenchmarkingPPTDownloadFunctionality" time="201.576" errors="0" timestamp="2023-02-14T16:37:41 IST" skipped="0">
  <testcase classname="com.test.java.classes.LocobuzzAWACompetitionBenchmarkingPPTDownloadFunctionality" name="AWA" time="201.576"/>
  <system-out/>
</testsuite> <!-- com.test.java.classes.LocobuzzAWACompetitionBenchmarkingPPTDownloadFunctionality -->
