<?xml version="1.0" encoding="UTF-8"?>
<!-- Generated by org.testng.reporters.JUnitReportReporter -->
<testsuite hostname="DESKTOP-V20L4KL" failures="0" tests="1" name="com.test.java.classes.FacebookTicketWorkflowFunctionality" time="407.839" errors="0" timestamp="2022-10-04T17:03:02 IST" skipped="0">
  <testcase classname="com.test.java.classes.FacebookTicketWorkflowFunctionality" name="ticketFunctionality" time="407.839"/>
  <system-out/>
</testsuite> <!-- com.test.java.classes.FacebookTicketWorkflowFunctionality -->
