<?xml version="1.0" encoding="UTF-8"?>
<!-- Generated by org.testng.reporters.JUnitReportReporter -->
<testsuite hostname="DESKTOP-V20L4KL" failures="0" tests="1" name="com.test.java.classes.LocobuzzKeywordConfigRealTimeTwitterAdvanceWorkflowFunctionality" time="135.692" errors="0" timestamp="2022-07-20T18:44:58 IST" skipped="0">
  <testcase classname="com.test.java.classes.LocobuzzKeywordConfigRealTimeTwitterAdvanceWorkflowFunctionality" name="KeywordConfiguration" time="135.692"/>
  <system-out/>
</testsuite> <!-- com.test.java.classes.LocobuzzKeywordConfigRealTimeTwitterAdvanceWorkflowFunctionality -->
