<?xml version="1.0" encoding="UTF-8"?>
<!-- Generated by org.testng.reporters.JUnitReportReporter -->
<testsuite hostname="DESKTOP-V20L4KL" failures="0" tests="1" name="com.test.java.classes.LocobuzzSocialSchedulingFacebookPublishLaterWorkflowFunctionality" time="210.624" errors="0" timestamp="2023-01-02T15:17:25 IST" skipped="0">
  <testcase classname="com.test.java.classes.LocobuzzSocialSchedulingFacebookPublishLaterWorkflowFunctionality" name="SocialScheduling" time="210.624"/>
  <system-out/>
</testsuite> <!-- com.test.java.classes.LocobuzzSocialSchedulingFacebookPublishLaterWorkflowFunctionality -->
