<?xml version="1.0" encoding="UTF-8"?>
<!-- Generated by org.testng.reporters.JUnitReportReporter -->
<testsuite hostname="DESKTOP-V20L4KL" failures="0" tests="1" name="com.test.java.classes.LocobuzzManageBrandUIComponentsFunctionality" time="47.845" errors="0" timestamp="2022-08-01T15:49:08 IST" skipped="0">
  <testcase classname="com.test.java.classes.LocobuzzManageBrandUIComponentsFunctionality" name="ManageBrand" time="47.845"/>
  <system-out/>
</testsuite> <!-- com.test.java.classes.LocobuzzManageBrandUIComponentsFunctionality -->
