<?xml version="1.0" encoding="UTF-8"?>
<!-- Generated by org.testng.reporters.JUnitReportReporter -->
<testsuite hostname="DESKTOP-V20L4KL" failures="0" tests="1" name="com.test.java.classes.LocobuzzKeywordConfigRealTimeInstagramWorkflowFunctionality" time="87.624" errors="0" timestamp="2022-07-21T15:12:52 IST" skipped="0">
  <testcase classname="com.test.java.classes.LocobuzzKeywordConfigRealTimeInstagramWorkflowFunctionality" name="KeywordConfiguration" time="87.624"/>
  <system-out/>
</testsuite> <!-- com.test.java.classes.LocobuzzKeywordConfigRealTimeInstagramWorkflowFunctionality -->
