<?xml version="1.0" encoding="UTF-8"?>
<!-- Generated by org.testng.reporters.JUnitReportReporter -->
<testsuite hostname="DESKTOP-V20L4KL" failures="0" tests="1" name="com.test.java.classes.LocobuzzManageAgentSkillWorkflowFunctionality" time="144.754" errors="0" timestamp="2022-08-22T11:30:49 IST" skipped="0">
  <testcase classname="com.test.java.classes.LocobuzzManageAgentSkillWorkflowFunctionality" name="ManageAgentSkills" time="144.754"/>
  <system-out/>
</testsuite> <!-- com.test.java.classes.LocobuzzManageAgentSkillWorkflowFunctionality -->
