<?xml version="1.0" encoding="UTF-8"?>
<!-- Generated by org.testng.reporters.JUnitReportReporter -->
<testsuite hostname="DESKTOP-V20L4KL" failures="0" tests="1" name="com.test.java.classes.TwitterOldTicketWorkflowFunctionality" time="725.799" errors="0" timestamp="2022-09-27T18:30:43 IST" skipped="0">
  <testcase classname="com.test.java.classes.TwitterOldTicketWorkflowFunctionality" name="ticketFunctionality" time="725.799"/>
  <system-out/>
</testsuite> <!-- com.test.java.classes.TwitterOldTicketWorkflowFunctionality -->
