<?xml version="1.0" encoding="UTF-8"?>
<!-- Generated by org.testng.reporters.JUnitReportReporter -->
<testsuite hostname="DESKTOP-V20L4KL" failures="0" tests="1" name="com.test.java.classes.LocobuzzNotificationUIComponentsFunctionality" time="57.181" errors="0" timestamp="2022-12-21T15:57:37 IST" skipped="0">
  <testcase classname="com.test.java.classes.LocobuzzNotificationUIComponentsFunctionality" name="Notification" time="57.181"/>
  <system-out/>
</testsuite> <!-- com.test.java.classes.LocobuzzNotificationUIComponentsFunctionality -->
