<?xml version="1.0" encoding="UTF-8"?>
<!-- Generated by org.testng.reporters.JUnitReportReporter -->
<testsuite hostname="DESKTOP-V20L4KL" failures="0" tests="1" name="com.test.java.classes.LocobuzzAWAPRDashboardPPTDownloadFunctionality" time="265.846" errors="0" timestamp="2023-03-30T14:00:10 IST" skipped="0">
  <testcase classname="com.test.java.classes.LocobuzzAWAPRDashboardPPTDownloadFunctionality" name="AWA" time="265.846"/>
  <system-out/>
</testsuite> <!-- com.test.java.classes.LocobuzzAWAPRDashboardPPTDownloadFunctionality -->
