<?xml version="1.0" encoding="UTF-8"?>
<!-- Generated by org.testng.reporters.JUnitReportReporter -->
<testsuite hostname="DESKTOP-V20L4KL" failures="0" tests="1" name="com.test.java.classes.LocobuzzPublishPersonalizationWorkflowFunctionality" time="123.521" errors="0" timestamp="2023-01-04T11:55:43 IST" skipped="0">
  <testcase classname="com.test.java.classes.LocobuzzPublishPersonalizationWorkflowFunctionality" name="PublishPersonalization" time="123.521"/>
  <system-out/>
</testsuite> <!-- com.test.java.classes.LocobuzzPublishPersonalizationWorkflowFunctionality -->
