<?xml version="1.0" encoding="UTF-8"?>
<!-- Generated by org.testng.reporters.JUnitReportReporter -->
<testsuite hostname="DESKTOP-V20L4KL" failures="0" tests="1" name="com.test.java.classes.LocobuzzAdvanceTicketSettingWorkflowFunctionality" time="103.563" errors="0" timestamp="2022-08-09T17:16:22 IST" skipped="0">
  <testcase classname="com.test.java.classes.LocobuzzAdvanceTicketSettingWorkflowFunctionality" name="AdvanceTicketSettings" time="103.563"/>
  <system-out/>
</testsuite> <!-- com.test.java.classes.LocobuzzAdvanceTicketSettingWorkflowFunctionality -->
