<?xml version="1.0" encoding="UTF-8"?>
<!-- Generated by org.testng.reporters.JUnitReportReporter -->
<testsuite hostname="DESKTOP-V20L4KL" failures="0" tests="1" name="com.test.java.classes.ExcelReportUpperCategoryReportFunctionality" time="299.020" errors="0" timestamp="2022-10-17T15:03:42 IST" skipped="0">
  <testcase classname="com.test.java.classes.ExcelReportUpperCategoryReportFunctionality" name="ExcelReport" time="299.020"/>
  <system-out/>
</testsuite> <!-- com.test.java.classes.ExcelReportUpperCategoryReportFunctionality -->
