<?xml version="1.0" encoding="UTF-8"?>
<!-- Generated by org.testng.reporters.JUnitReportReporter -->
<testsuite hostname="DESKTOP-V20L4KL" failures="0" tests="1" name="com.test.java.classes.ExcelReportMentionCreateTemplateFunctionality" time="444.810" errors="0" timestamp="2022-10-10T11:55:17 IST" skipped="0">
  <testcase classname="com.test.java.classes.ExcelReportMentionCreateTemplateFunctionality" name="ExcelReport" time="444.810"/>
  <system-out/>
</testsuite> <!-- com.test.java.classes.ExcelReportMentionCreateTemplateFunctionality -->
