<?xml version="1.0" encoding="UTF-8"?>
<!-- Generated by org.testng.reporters.JUnitReportReporter -->
<testsuite hostname="DESKTOP-V20L4KL" failures="0" tests="1" name="com.test.java.classes.LocobuzzEngagementFormulaUIComponentsFunctionality" time="59.159" errors="0" timestamp="2023-01-05T12:23:49 IST" skipped="0">
  <testcase classname="com.test.java.classes.LocobuzzEngagementFormulaUIComponentsFunctionality" name="EngagementFormula" time="59.159"/>
  <system-out/>
</testsuite> <!-- com.test.java.classes.LocobuzzEngagementFormulaUIComponentsFunctionality -->
