<?xml version="1.0" encoding="UTF-8"?>
<!-- Generated by org.testng.reporters.JUnitReportReporter -->
<testsuite hostname="DESKTOP-V20L4KL" failures="0" tests="1" name="com.test.java.classes.LocobuzzManageUserUIComponentsFunctionality" time="54.322" errors="0" timestamp="2022-07-27T13:22:57 IST" skipped="0">
  <testcase classname="com.test.java.classes.LocobuzzManageUserUIComponentsFunctionality" name="ManageUser" time="54.322"/>
  <system-out/>
</testsuite> <!-- com.test.java.classes.LocobuzzManageUserUIComponentsFunctionality -->
