<?xml version="1.0" encoding="UTF-8"?>
<!-- Generated by org.testng.reporters.JUnitReportReporter -->
<testsuite hostname="DESKTOP-V20L4KL" failures="0" tests="1" name="com.test.java.classes.ExcelReportAgentDetailsPerformanceReportFunctionality" time="130.369" errors="0" timestamp="2022-10-13T12:38:13 IST" skipped="0">
  <testcase classname="com.test.java.classes.ExcelReportAgentDetailsPerformanceReportFunctionality" name="ExcelReport" time="130.369"/>
  <system-out/>
</testsuite> <!-- com.test.java.classes.ExcelReportAgentDetailsPerformanceReportFunctionality -->
