<?xml version="1.0" encoding="UTF-8"?>
<!-- Generated by org.testng.reporters.JUnitReportReporter -->
<testsuite hostname="DESKTOP-V20L4KL" failures="0" tests="1" name="com.test.java.classes.EmailSettingsTwitterEmailWorkflowFunctionality" time="92.513" errors="0" timestamp="2022-08-03T10:00:07 IST" skipped="0">
  <testcase classname="com.test.java.classes.EmailSettingsTwitterEmailWorkflowFunctionality" name="ticketsFunctionality" time="92.513"/>
  <system-out/>
</testsuite> <!-- com.test.java.classes.EmailSettingsTwitterEmailWorkflowFunctionality -->
