<?xml version="1.0" encoding="UTF-8"?>
<!-- Generated by org.testng.reporters.JUnitReportReporter -->
<testsuite hostname="DESKTOP-V20L4KL" failures="0" tests="1" name="com.test.java.classes.ExcelReportEditTemplateFunctionality" time="103.731" errors="0" timestamp="2022-10-03T12:29:08 IST" skipped="0">
  <testcase classname="com.test.java.classes.ExcelReportEditTemplateFunctionality" name="ExcelReport" time="103.731"/>
  <system-out/>
</testsuite> <!-- com.test.java.classes.ExcelReportEditTemplateFunctionality -->
