<?xml version="1.0" encoding="UTF-8"?>
<!-- Generated by org.testng.reporters.JUnitReportReporter -->
<testsuite hostname="DESKTOP-V20L4KL" failures="0" tests="1" name="com.test.java.classes.LocobuzzSocialSchedulingGMBApprovalWorkflowFunctionality" time="288.336" errors="0" timestamp="2023-01-03T11:08:10 IST" skipped="0">
  <testcase classname="com.test.java.classes.LocobuzzSocialSchedulingGMBApprovalWorkflowFunctionality" name="SocialScheduling" time="288.336"/>
  <system-out/>
</testsuite> <!-- com.test.java.classes.LocobuzzSocialSchedulingGMBApprovalWorkflowFunctionality -->
