<?xml version="1.0" encoding="UTF-8"?>
<!-- Generated by org.testng.reporters.JUnitReportReporter -->
<testsuite hostname="DESKTOP-V20L4KL" failures="0" tests="1" name="com.test.java.classes.LoginFunctionality" time="34.762" errors="0" timestamp="2022-11-03T13:17:07 IST" skipped="0">
  <testcase classname="com.test.java.classes.LoginFunctionality" name="login" time="34.762"/>
  <system-out/>
</testsuite> <!-- com.test.java.classes.LoginFunctionality -->
