<?xml version="1.0" encoding="UTF-8"?>
<!-- Generated by org.testng.reporters.JUnitReportReporter -->
<testsuite hostname="DESKTOP-V20L4KL" failures="0" tests="1" name="com.test.java.classes.LocobuzzSocialSchedulingInstagramDraftWorkflowFunctionality" time="459.698" errors="0" timestamp="2022-11-09T17:47:08 IST" skipped="0">
  <testcase classname="com.test.java.classes.LocobuzzSocialSchedulingInstagramDraftWorkflowFunctionality" name="SocialScheduling" time="459.698"/>
  <system-out/>
</testsuite> <!-- com.test.java.classes.LocobuzzSocialSchedulingInstagramDraftWorkflowFunctionality -->
