<?xml version="1.0" encoding="UTF-8"?>
<!-- Generated by org.testng.reporters.JUnitReportReporter -->
<testsuite hostname="DESKTOP-V20L4KL" failures="0" tests="1" name="com.test.java.classes.LocobuzzAWAYoutubePPTDownloadFunctionality" time="358.439" errors="0" timestamp="2023-03-31T11:46:12 IST" skipped="0">
  <testcase classname="com.test.java.classes.LocobuzzAWAYoutubePPTDownloadFunctionality" name="AWA" time="358.439"/>
  <system-out/>
</testsuite> <!-- com.test.java.classes.LocobuzzAWAYoutubePPTDownloadFunctionality -->
