<?xml version="1.0" encoding="UTF-8"?>
<!-- Generated by org.testng.reporters.JUnitReportReporter -->
<testsuite hostname="DESKTOP-V20L4KL" failures="0" tests="1" name="com.test.java.classes.LocobuzzLanguageFilterWorkFlowFunctionality" time="57.195" errors="0" timestamp="2022-12-16T16:41:34 IST" skipped="0">
  <testcase classname="com.test.java.classes.LocobuzzLanguageFilterWorkFlowFunctionality" name="LanguageFilter" time="57.195"/>
  <system-out/>
</testsuite> <!-- com.test.java.classes.LocobuzzLanguageFilterWorkFlowFunctionality -->
