<?xml version="1.0" encoding="UTF-8"?>
<!-- Generated by org.testng.reporters.JUnitReportReporter -->
<testsuite hostname="DESKTOP-V20L4KL" failures="0" tests="1" name="com.test.java.classes.LocobuzzCategoryMappingUIComponentsFunctionality" time="86.567" errors="0" timestamp="2023-01-03T12:35:18 IST" skipped="0">
  <testcase classname="com.test.java.classes.LocobuzzCategoryMappingUIComponentsFunctionality" name="CategoryMapping" time="86.567"/>
  <system-out/>
</testsuite> <!-- com.test.java.classes.LocobuzzCategoryMappingUIComponentsFunctionality -->
