<?xml version="1.0" encoding="UTF-8"?>
<!-- Generated by org.testng.reporters.JUnitReportReporter -->
<testsuite hostname="DESKTOP-V20L4KL" failures="0" tests="1" name="com.test.java.classes.LocobuzzAWAPPTDownloadForNativeFunctionality" time="233.214" errors="0" timestamp="2023-03-03T11:40:02 IST" skipped="0">
  <testcase classname="com.test.java.classes.LocobuzzAWAPPTDownloadForNativeFunctionality" name="AWA" time="233.214"/>
  <system-out/>
</testsuite> <!-- com.test.java.classes.LocobuzzAWAPPTDownloadForNativeFunctionality -->
