<?xml version="1.0" encoding="UTF-8"?>
<!-- Generated by org.testng.reporters.JUnitReportReporter -->
<testsuite hostname="DESKTOP-V20L4KL" failures="0" tests="1" name="com.test.java.classes.LocobuzzPublishPersonalizationUIComponentsFunctionality" time="61.134" errors="0" timestamp="2023-01-04T11:50:49 IST" skipped="0">
  <testcase classname="com.test.java.classes.LocobuzzPublishPersonalizationUIComponentsFunctionality" name="PublishPersonalization" time="61.134"/>
  <system-out/>
</testsuite> <!-- com.test.java.classes.LocobuzzPublishPersonalizationUIComponentsFunctionality -->
