<?xml version="1.0" encoding="UTF-8"?>
<!-- Generated by org.testng.reporters.JUnitReportReporter -->
<testsuite hostname="DESKTOP-V20L4KL" failures="0" tests="1" name="com.test.java.classes.LocobuzzAWAFiltersAuthorCityTypeFunctionality" time="221.560" errors="0" timestamp="2023-02-01T10:24:19 IST" skipped="0">
  <testcase classname="com.test.java.classes.LocobuzzAWAFiltersAuthorCityTypeFunctionality" name="AWA" time="221.560"/>
  <system-out/>
</testsuite> <!-- com.test.java.classes.LocobuzzAWAFiltersAuthorCityTypeFunctionality -->
