<?xml version="1.0" encoding="UTF-8"?>
<!-- Generated by org.testng.reporters.JUnitReportReporter -->
<testsuite hostname="DESKTOP-V20L4KL" failures="0" tests="1" name="com.test.java.classes.LocobuzzAWALinkedinPPTDownloadFunctionality" time="250.936" errors="0" timestamp="2023-03-31T12:18:02 IST" skipped="0">
  <testcase classname="com.test.java.classes.LocobuzzAWALinkedinPPTDownloadFunctionality" name="AWA" time="250.936"/>
  <system-out/>
</testsuite> <!-- com.test.java.classes.LocobuzzAWALinkedinPPTDownloadFunctionality -->
