<?xml version="1.0" encoding="UTF-8"?>
<!-- Generated by org.testng.reporters.JUnitReportReporter -->
<testsuite hostname="DESKTOP-V20L4KL" failures="0" tests="1" name="com.test.java.classes.LocobuzzAWAShareWithTeamMembersFunctionality" time="220.677" errors="0" timestamp="2023-02-09T13:51:07 IST" skipped="0">
  <testcase classname="com.test.java.classes.LocobuzzAWAShareWithTeamMembersFunctionality" name="AWA" time="220.677"/>
  <system-out/>
</testsuite> <!-- com.test.java.classes.LocobuzzAWAShareWithTeamMembersFunctionality -->
