<?xml version="1.0" encoding="UTF-8"?>
<!-- Generated by org.testng.reporters.JUnitReportReporter -->
<testsuite hostname="DESKTOP-V20L4KL" failures="0" tests="1" name="com.test.java.classes.ExcelReportTicketSummaryNewReportFunctionality" time="259.429" errors="0" timestamp="2022-11-29T15:50:47 IST" skipped="0">
  <testcase classname="com.test.java.classes.ExcelReportTicketSummaryNewReportFunctionality" name="ExcelReport" time="259.429"/>
  <system-out/>
</testsuite> <!-- com.test.java.classes.ExcelReportTicketSummaryNewReportFunctionality -->
