<?xml version="1.0" encoding="UTF-8"?>
<!-- Generated by org.testng.reporters.JUnitReportReporter -->
<testsuite hostname="DESKTOP-V20L4KL" failures="0" tests="1" name="com.test.java.classes.LocobuzzEscalationEmailWorkflowFunctionality" time="379.507" errors="0" timestamp="2022-08-16T12:49:34 IST" skipped="0">
  <testcase classname="com.test.java.classes.LocobuzzEscalationEmailWorkflowFunctionality" name="EscalationEmails" time="379.507"/>
  <system-out/>
</testsuite> <!-- com.test.java.classes.LocobuzzEscalationEmailWorkflowFunctionality -->
