<?xml version="1.0" encoding="UTF-8"?>
<!-- Generated by org.testng.reporters.JUnitReportReporter -->
<testsuite hostname="DESKTOP-V20L4KL" failures="0" tests="1" name="com.test.java.classes.LocobuzzSocialSchedulingInstagramPublishedLaterWorkflowFunctionality" time="204.770" errors="0" timestamp="2023-01-03T16:05:59 IST" skipped="0">
  <testcase classname="com.test.java.classes.LocobuzzSocialSchedulingInstagramPublishedLaterWorkflowFunctionality" name="SocialScheduling" time="204.770"/>
  <system-out/>
</testsuite> <!-- com.test.java.classes.LocobuzzSocialSchedulingInstagramPublishedLaterWorkflowFunctionality -->
