<?xml version="1.0" encoding="UTF-8"?>
<!-- Generated by org.testng.reporters.JUnitReportReporter -->
<testsuite hostname="DESKTOP-V20L4KL" failures="0" tests="1" name="com.test.java.classes.ExcelReportTicketTATFunctionality" time="280.748" errors="0" timestamp="2022-12-16T18:11:28 IST" skipped="0">
  <testcase classname="com.test.java.classes.ExcelReportTicketTATFunctionality" name="ExcelReport" time="280.748"/>
  <system-out/>
</testsuite> <!-- com.test.java.classes.ExcelReportTicketTATFunctionality -->
