<?xml version="1.0" encoding="UTF-8"?>
<!-- Generated by org.testng.reporters.JUnitReportReporter -->
<testsuite hostname="DESKTOP-V20L4KL" failures="0" tests="1" name="com.test.java.classes.LocobuzzKeywordConfigRealTimeYoutubeWorkflowFunctionality" time="97.281" errors="0" timestamp="2022-07-22T10:35:33 IST" skipped="0">
  <testcase classname="com.test.java.classes.LocobuzzKeywordConfigRealTimeYoutubeWorkflowFunctionality" name="KeywordConfiguration" time="97.281"/>
  <system-out/>
</testsuite> <!-- com.test.java.classes.LocobuzzKeywordConfigRealTimeYoutubeWorkflowFunctionality -->
