<?xml version="1.0" encoding="UTF-8"?>
<!-- Generated by org.testng.reporters.JUnitReportReporter -->
<testsuite hostname="DESKTOP-V20L4KL" failures="0" tests="1" name="com.test.java.classes.LocobuzzAWABrandActivityPPTDownloadFunctionality" time="387.347" errors="0" timestamp="2023-04-04T12:46:20 IST" skipped="0">
  <testcase classname="com.test.java.classes.LocobuzzAWABrandActivityPPTDownloadFunctionality" name="AWA" time="387.347"/>
  <system-out/>
</testsuite> <!-- com.test.java.classes.LocobuzzAWABrandActivityPPTDownloadFunctionality -->
