<?xml version="1.0" encoding="UTF-8"?>
<!-- Generated by org.testng.reporters.JUnitReportReporter -->
<testsuite hostname="DESKTOP-V20L4KL" failures="0" tests="1" name="com.test.java.classes.LocobuzzQueueConfigAgentSettingsUIComponentsFunctionality" time="54.844" errors="0" timestamp="2023-01-05T14:43:58 IST" skipped="0">
  <testcase classname="com.test.java.classes.LocobuzzQueueConfigAgentSettingsUIComponentsFunctionality" name="QueueConfigurationAgentSetting" time="54.844"/>
  <system-out/>
</testsuite> <!-- com.test.java.classes.LocobuzzQueueConfigAgentSettingsUIComponentsFunctionality -->
