<?xml version="1.0" encoding="UTF-8"?>
<!-- Generated by org.testng.reporters.JUnitReportReporter -->
<testsuite hostname="DESKTOP-V20L4KL" failures="0" tests="1" name="com.test.java.classes.LocobuzzEscalationEmailsUIComponentsFunctionality" time="103.228" errors="0" timestamp="2022-12-23T15:17:58 IST" skipped="0">
  <testcase classname="com.test.java.classes.LocobuzzEscalationEmailsUIComponentsFunctionality" name="EscalationEmails" time="103.228"/>
  <system-out/>
</testsuite> <!-- com.test.java.classes.LocobuzzEscalationEmailsUIComponentsFunctionality -->
