<?xml version="1.0" encoding="UTF-8"?>
<!-- Generated by org.testng.reporters.JUnitReportReporter -->
<testsuite hostname="DESKTOP-V20L4KL" failures="0" tests="1" name="com.test.java.classes.LocobuzzSocialSchedulingGMBPublishedLaterWorkflowFunctionality" time="196.706" errors="0" timestamp="2023-01-03T10:55:11 IST" skipped="0">
  <testcase classname="com.test.java.classes.LocobuzzSocialSchedulingGMBPublishedLaterWorkflowFunctionality" name="SocialScheduling" time="196.706"/>
  <system-out/>
</testsuite> <!-- com.test.java.classes.LocobuzzSocialSchedulingGMBPublishedLaterWorkflowFunctionality -->
