<?xml version="1.0" encoding="UTF-8"?>
<!-- Generated by org.testng.reporters.JUnitReportReporter -->
<testsuite hostname="DESKTOP-V20L4KL" failures="0" tests="1" name="com.test.java.classes.LocobuzzAWAContentBenchmarkingPPTDownloadFunctionality" time="274.458" errors="0" timestamp="2023-02-14T18:48:25 IST" skipped="0">
  <testcase classname="com.test.java.classes.LocobuzzAWAContentBenchmarkingPPTDownloadFunctionality" name="AWA" time="274.458"/>
  <system-out/>
</testsuite> <!-- com.test.java.classes.LocobuzzAWAContentBenchmarkingPPTDownloadFunctionality -->
