<?xml version="1.0" encoding="UTF-8"?>
<!-- Generated by org.testng.reporters.JUnitReportReporter -->
<testsuite hostname="DESKTOP-V20L4KL" failures="0" tests="1" name="com.test.java.classes.LocobuzzSocialSchedulingFacebookFailedCaseWorkflowFunctionality" time="168.280" errors="0" timestamp="2022-09-16T17:18:44 IST" skipped="0">
  <testcase classname="com.test.java.classes.LocobuzzSocialSchedulingFacebookFailedCaseWorkflowFunctionality" name="SocialScheduling" time="168.280"/>
  <system-out/>
</testsuite> <!-- com.test.java.classes.LocobuzzSocialSchedulingFacebookFailedCaseWorkflowFunctionality -->
