<?xml version="1.0" encoding="UTF-8"?>
<!-- Generated by org.testng.reporters.JUnitReportReporter -->
<testsuite hostname="DESKTOP-V20L4KL" failures="0" tests="1" name="com.test.java.classes.LocobuzzKeywordConfigRealTimeComplaintWebsiteWorkflowFunctionality" time="91.819" errors="0" timestamp="2022-07-25T13:33:25 IST" skipped="0">
  <testcase classname="com.test.java.classes.LocobuzzKeywordConfigRealTimeComplaintWebsiteWorkflowFunctionality" name="KeywordConfiguration" time="91.819"/>
  <system-out/>
</testsuite> <!-- com.test.java.classes.LocobuzzKeywordConfigRealTimeComplaintWebsiteWorkflowFunctionality -->
