<?xml version="1.0" encoding="UTF-8"?>
<!-- Generated by org.testng.reporters.JUnitReportReporter -->
<testsuite hostname="DESKTOP-V20L4KL" failures="0" tests="1" name="com.test.java.classes.LocobuzzAWAPRBenchmarkingPPTDownloadFunctionality" time="200.571" errors="0" timestamp="2023-02-14T17:44:22 IST" skipped="0">
  <testcase classname="com.test.java.classes.LocobuzzAWAPRBenchmarkingPPTDownloadFunctionality" name="AWA" time="200.571"/>
  <system-out/>
</testsuite> <!-- com.test.java.classes.LocobuzzAWAPRBenchmarkingPPTDownloadFunctionality -->
