<?xml version="1.0" encoding="UTF-8"?>
<!-- Generated by org.testng.reporters.JUnitReportReporter -->
<testsuite hostname="DESKTOP-V20L4KL" failures="0" tests="1" name="com.test.java.classes.LocobuzzAWAContentPerformancePPTDownloadFunctionality" time="321.567" errors="0" timestamp="2023-02-16T14:59:06 IST" skipped="0">
  <testcase classname="com.test.java.classes.LocobuzzAWAContentPerformancePPTDownloadFunctionality" name="AWA" time="321.567"/>
  <system-out/>
</testsuite> <!-- com.test.java.classes.LocobuzzAWAContentPerformancePPTDownloadFunctionality -->
