<?xml version="1.0" encoding="UTF-8"?>
<!-- Generated by org.testng.reporters.JUnitReportReporter -->
<testsuite hostname="DESKTOP-V20L4KL" failures="0" tests="1" name="com.test.java.classes.LocobuzzKeywordConfigRealTimeYoutubeAdvanceWorkflowFunctionality" time="103.454" errors="0" timestamp="2022-07-22T16:12:45 IST" skipped="0">
  <testcase classname="com.test.java.classes.LocobuzzKeywordConfigRealTimeYoutubeAdvanceWorkflowFunctionality" name="KeywordConfiguration" time="103.454"/>
  <system-out/>
</testsuite> <!-- com.test.java.classes.LocobuzzKeywordConfigRealTimeYoutubeAdvanceWorkflowFunctionality -->
