<?xml version="1.0" encoding="UTF-8"?>
<!-- Generated by org.testng.reporters.JUnitReportReporter -->
<testsuite hostname="DESKTOP-V20L4KL" failures="0" tests="1" name="com.test.java.classes.LocobuzzHelpRaiseIssueWorkflowFunctionality" time="102.351" errors="0" timestamp="2022-11-14T14:59:57 IST" skipped="0">
  <testcase classname="com.test.java.classes.LocobuzzHelpRaiseIssueWorkflowFunctionality" name="HelpRaiseIssue" time="102.351"/>
  <system-out/>
</testsuite> <!-- com.test.java.classes.LocobuzzHelpRaiseIssueWorkflowFunctionality -->
