<?xml version="1.0" encoding="UTF-8"?>
<!-- Generated by org.testng.reporters.JUnitReportReporter -->
<testsuite hostname="DESKTOP-V20L4KL" failures="0" tests="1" name="com.test.java.classes.LocobuzzAWAChartsWithKPIPPTDownloadFunctionality" time="271.551" errors="0" timestamp="2023-02-17T11:23:20 IST" skipped="0">
  <testcase classname="com.test.java.classes.LocobuzzAWAChartsWithKPIPPTDownloadFunctionality" name="AWA" time="271.551"/>
  <system-out/>
</testsuite> <!-- com.test.java.classes.LocobuzzAWAChartsWithKPIPPTDownloadFunctionality -->
