<?xml version="1.0" encoding="UTF-8"?>
<!-- Generated by org.testng.reporters.JUnitReportReporter -->
<testsuite hostname="DESKTOP-V20L4KL" failures="0" tests="1" name="com.test.java.classes.LocobuzzTokenExpiryAlertUIComponentsFunctionality" time="58.301" errors="0" timestamp="2023-01-05T10:33:36 IST" skipped="0">
  <testcase classname="com.test.java.classes.LocobuzzTokenExpiryAlertUIComponentsFunctionality" name="TokenExpiryAlert" time="58.301"/>
  <system-out/>
</testsuite> <!-- com.test.java.classes.LocobuzzTokenExpiryAlertUIComponentsFunctionality -->
