<?xml version="1.0" encoding="UTF-8"?>
<!-- Generated by org.testng.reporters.JUnitReportReporter -->
<testsuite hostname="DESKTOP-V20L4KL" failures="0" tests="1" name="com.test.java.classes.FacebookOldTicketWorkflowFunctionality" time="707.786" errors="0" timestamp="2022-09-28T13:48:49 IST" skipped="0">
  <testcase classname="com.test.java.classes.FacebookOldTicketWorkflowFunctionality" name="ticketFunctionality" time="707.786"/>
  <system-out/>
</testsuite> <!-- com.test.java.classes.FacebookOldTicketWorkflowFunctionality -->
