<?xml version="1.0" encoding="UTF-8"?>
<!-- Generated by org.testng.reporters.JUnitReportReporter -->
<testsuite hostname="DESKTOP-V20L4KL" failures="0" tests="1" name="com.test.java.classes.LocobuzzMessagingWindowSettingsLayout2WorkflowFunctionality" time="104.966" errors="0" timestamp="2023-01-06T10:57:53 IST" skipped="0">
  <testcase classname="com.test.java.classes.LocobuzzMessagingWindowSettingsLayout2WorkflowFunctionality" name="MessagingWindowSettingsLayout2Flow" time="104.966"/>
  <system-out/>
</testsuite> <!-- com.test.java.classes.LocobuzzMessagingWindowSettingsLayout2WorkflowFunctionality -->
