<?xml version="1.0" encoding="UTF-8"?>
<!-- Generated by org.testng.reporters.JUnitReportReporter -->
<testsuite hostname="DESKTOP-V20L4KL" failures="0" tests="1" name="com.test.java.classes.LocobuzzAWAWidgetSelectionOfDashboardWorkflowFunctionality" time="195.424" errors="0" timestamp="2023-01-24T12:32:22 IST" skipped="0">
  <testcase classname="com.test.java.classes.LocobuzzAWAWidgetSelectionOfDashboardWorkflowFunctionality" name="AWA" time="195.424"/>
  <system-out/>
</testsuite> <!-- com.test.java.classes.LocobuzzAWAWidgetSelectionOfDashboardWorkflowFunctionality -->
