<?xml version="1.0" encoding="UTF-8"?>
<!-- Generated by org.testng.reporters.JUnitReportReporter -->
<testsuite hostname="DESKTOP-V20L4KL" failures="0" tests="1" name="com.test.java.classes.LocobuzzSocialSchedulingInstagramFailedCaseWorkflowFunctionality" time="329.433" errors="0" timestamp="2022-11-10T11:34:45 IST" skipped="0">
  <testcase classname="com.test.java.classes.LocobuzzSocialSchedulingInstagramFailedCaseWorkflowFunctionality" name="SocialScheduling" time="329.433"/>
  <system-out/>
</testsuite> <!-- com.test.java.classes.LocobuzzSocialSchedulingInstagramFailedCaseWorkflowFunctionality -->
