<?xml version="1.0" encoding="UTF-8"?>
<!-- Generated by org.testng.reporters.JUnitReportReporter -->
<testsuite hostname="DESKTOP-V20L4KL" failures="0" tests="1" name="com.test.java.classes.LocobuzzEngagementFormulaWorkflowFunctionality" time="143.284" errors="0" timestamp="2023-01-05T12:21:45 IST" skipped="0">
  <testcase classname="com.test.java.classes.LocobuzzEngagementFormulaWorkflowFunctionality" name="EngagementFormula" time="143.284"/>
  <system-out/>
</testsuite> <!-- com.test.java.classes.LocobuzzEngagementFormulaWorkflowFunctionality -->
