<?xml version="1.0" encoding="UTF-8"?>
<!-- Generated by org.testng.reporters.JUnitReportReporter -->
<testsuite hostname="DESKTOP-V20L4KL" failures="0" tests="1" name="com.test.java.classes.LocobuzzQueueConfigAgentSettingUnassignTicketWorkflowFunctionality" time="148.742" errors="0" timestamp="2023-01-06T11:49:53 IST" skipped="0">
  <testcase classname="com.test.java.classes.LocobuzzQueueConfigAgentSettingUnassignTicketWorkflowFunctionality" name="QueueConfigurationAgentSetting" time="148.742"/>
  <system-out/>
</testsuite> <!-- com.test.java.classes.LocobuzzQueueConfigAgentSettingUnassignTicketWorkflowFunctionality -->
