<?xml version="1.0" encoding="UTF-8"?>
<!-- Generated by org.testng.reporters.JUnitReportReporter -->
<testsuite hostname="DESKTOP-V20L4KL" failures="0" tests="1" name="com.test.java.classes.TwitterTicketProfileTimeLineUIFunctionality" time="135.753" errors="0" timestamp="2022-12-14T16:30:10 IST" skipped="0">
  <testcase classname="com.test.java.classes.TwitterTicketProfileTimeLineUIFunctionality" name="ticketFunctionality" time="135.753"/>
  <system-out/>
</testsuite> <!-- com.test.java.classes.TwitterTicketProfileTimeLineUIFunctionality -->
