<?xml version="1.0" encoding="UTF-8"?>
<!-- Generated by org.testng.reporters.JUnitReportReporter -->
<testsuite hostname="DESKTOP-V20L4KL" failures="0" tests="1" name="com.test.java.classes.LocobuzzSocialSchedulingUIComponentsFunctionality" time="44.051" errors="0" timestamp="2022-09-14T10:31:13 IST" skipped="0">
  <testcase classname="com.test.java.classes.LocobuzzSocialSchedulingUIComponentsFunctionality" name="SocialScheduling" time="44.051"/>
  <system-out/>
</testsuite> <!-- com.test.java.classes.LocobuzzSocialSchedulingUIComponentsFunctionality -->
