<?xml version="1.0" encoding="UTF-8"?>
<!-- Generated by org.testng.reporters.JUnitReportReporter -->
<testsuite hostname="DESKTOP-V20L4KL" failures="0" tests="1" name="com.test.java.classes.LocobuzzKeywordConfigRealTimeNewsBlogsAdvanceWorkflowFunctionality" time="120.149" errors="0" timestamp="2022-07-25T12:00:37 IST" skipped="0">
  <testcase classname="com.test.java.classes.LocobuzzKeywordConfigRealTimeNewsBlogsAdvanceWorkflowFunctionality" name="KeywordConfiguration" time="120.149"/>
  <system-out/>
</testsuite> <!-- com.test.java.classes.LocobuzzKeywordConfigRealTimeNewsBlogsAdvanceWorkflowFunctionality -->
