<?xml version="1.0" encoding="UTF-8"?>
<!-- Generated by org.testng.reporters.JUnitReportReporter -->
<testsuite hostname="DESKTOP-V20L4KL" failures="0" tests="1" name="com.test.java.classes.LocobuzzDataConsumptionDashboardUIComponentsFunctionality" time="158.367" errors="0" timestamp="2022-09-12T12:07:47 IST" skipped="0">
  <testcase classname="com.test.java.classes.LocobuzzDataConsumptionDashboardUIComponentsFunctionality" name="DataConsumptionDashboard" time="158.367"/>
  <system-out/>
</testsuite> <!-- com.test.java.classes.LocobuzzDataConsumptionDashboardUIComponentsFunctionality -->
