<?xml version="1.0" encoding="UTF-8"?>
<!-- Generated by org.testng.reporters.JUnitReportReporter -->
<testsuite hostname="DESKTOP-V20L4KL" failures="0" tests="1" name="com.test.java.classes.LocobuzzAWACreationOfDashboardSelectFromAwaFunctionality" time="88.184" errors="0" timestamp="2023-01-24T14:54:57 IST" skipped="0">
  <testcase classname="com.test.java.classes.LocobuzzAWACreationOfDashboardSelectFromAwaFunctionality" name="AWA" time="88.184"/>
  <system-out/>
</testsuite> <!-- com.test.java.classes.LocobuzzAWACreationOfDashboardSelectFromAwaFunctionality -->
