<?xml version="1.0" encoding="UTF-8"?>
<!-- Generated by org.testng.reporters.JUnitReportReporter -->
<testsuite hostname="DESKTOP-V20L4KL" failures="0" tests="1" name="com.test.java.classes.LocobuzzMessagingWindowSettingsLayout1WorkflowFunctionality" time="104.467" errors="0" timestamp="2023-01-06T10:51:22 IST" skipped="0">
  <testcase classname="com.test.java.classes.LocobuzzMessagingWindowSettingsLayout1WorkflowFunctionality" name="MessagingWindowSettingsLayout1Flow" time="104.467"/>
  <system-out/>
</testsuite> <!-- com.test.java.classes.LocobuzzMessagingWindowSettingsLayout1WorkflowFunctionality -->
