<?xml version="1.0" encoding="UTF-8"?>
<!-- Generated by org.testng.reporters.JUnitReportReporter -->
<testsuite hostname="DESKTOP-V20L4KL" failures="0" tests="1" name="com.test.java.classes.LocobuzzDataConsumptionDashboardWorkflowFunctionality" time="301.034" errors="0" timestamp="2022-09-12T16:51:34 IST" skipped="0">
  <testcase classname="com.test.java.classes.LocobuzzDataConsumptionDashboardWorkflowFunctionality" name="DataConsumptionDashboard" time="301.034"/>
  <system-out/>
</testsuite> <!-- com.test.java.classes.LocobuzzDataConsumptionDashboardWorkflowFunctionality -->
