<?xml version="1.0" encoding="UTF-8"?>
<!-- Generated by org.testng.reporters.JUnitReportReporter -->
<testsuite hostname="DESKTOP-V20L4KL" failures="0" tests="1" name="com.test.java.classes.LocobuzzKeywordConfigRealTimeFacebookWorkflowFunctionality" time="90.470" errors="0" timestamp="2022-07-21T11:37:41 IST" skipped="0">
  <testcase classname="com.test.java.classes.LocobuzzKeywordConfigRealTimeFacebookWorkflowFunctionality" name="KeywordConfiguration" time="90.470"/>
  <system-out/>
</testsuite> <!-- com.test.java.classes.LocobuzzKeywordConfigRealTimeFacebookWorkflowFunctionality -->
