<?xml version="1.0" encoding="UTF-8"?>
<!-- Generated by org.testng.reporters.JUnitReportReporter -->
<testsuite hostname="DESKTOP-V20L4KL" failures="0" tests="1" name="com.test.java.classes.LocobuzzAWAPublicSharingWithPasswordFunctionality" time="157.038" errors="0" timestamp="2023-02-09T10:04:35 IST" skipped="0">
  <testcase classname="com.test.java.classes.LocobuzzAWAPublicSharingWithPasswordFunctionality" name="AWA" time="157.038"/>
  <system-out/>
</testsuite> <!-- com.test.java.classes.LocobuzzAWAPublicSharingWithPasswordFunctionality -->
