<?xml version="1.0" encoding="UTF-8"?>
<!-- Generated by org.testng.reporters.JUnitReportReporter -->
<testsuite hostname="DESKTOP-V20L4KL" failures="0" tests="1" name="com.test.java.classes.LocobuzzAWASectionCreationFunctionality" time="166.947" errors="0" timestamp="2023-02-02T14:47:19 IST" skipped="0">
  <testcase classname="com.test.java.classes.LocobuzzAWASectionCreationFunctionality" name="AWA" time="166.947"/>
  <system-out/>
</testsuite> <!-- com.test.java.classes.LocobuzzAWASectionCreationFunctionality -->
