<?xml version="1.0" encoding="UTF-8"?>
<!-- Generated by org.testng.reporters.JUnitReportReporter -->
<testsuite hostname="DESKTOP-V20L4KL" failures="0" tests="1" name="com.test.java.classes.LocobuzzManageAgentSkillsUIComponentFunctionality" time="74.467" errors="0" timestamp="2022-12-22T15:12:26 IST" skipped="0">
  <testcase classname="com.test.java.classes.LocobuzzManageAgentSkillsUIComponentFunctionality" name="ManageAgentSkills" time="74.467"/>
  <system-out/>
</testsuite> <!-- com.test.java.classes.LocobuzzManageAgentSkillsUIComponentFunctionality -->
