<?xml version="1.0" encoding="UTF-8"?>
<!-- Generated by org.testng.reporters.JUnitReportReporter -->
<testsuite hostname="DESKTOP-V20L4KL" failures="0" tests="1" name="com.test.java.classes.ExcelReportPostSchedulingReportFunctionality" time="144.638" errors="0" timestamp="2022-10-14T16:18:39 IST" skipped="0">
  <testcase classname="com.test.java.classes.ExcelReportPostSchedulingReportFunctionality" name="ExcelReport" time="144.638"/>
  <system-out/>
</testsuite> <!-- com.test.java.classes.ExcelReportPostSchedulingReportFunctionality -->
