<?xml version="1.0" encoding="UTF-8"?>
<!-- Generated by org.testng.reporters.JUnitReportReporter -->
<testsuite hostname="DESKTOP-V20L4KL" failures="0" tests="1" name="com.test.java.classes.ExcelReportTicketCustomTemplateScheduleFunctionality" time="148.470" errors="0" timestamp="2022-11-29T12:35:12 IST" skipped="0">
  <testcase classname="com.test.java.classes.ExcelReportTicketCustomTemplateScheduleFunctionality" name="ExcelReport" time="148.470"/>
  <system-out/>
</testsuite> <!-- com.test.java.classes.ExcelReportTicketCustomTemplateScheduleFunctionality -->
