<?xml version="1.0" encoding="UTF-8"?>
<!-- Generated by org.testng.reporters.JUnitReportReporter -->
<testsuite hostname="DESKTOP-V20L4KL" failures="0" tests="1" name="com.test.java.classes.ExcelReportUGCReportFunctionality" time="145.170" errors="0" timestamp="2022-10-17T12:32:54 IST" skipped="0">
  <testcase classname="com.test.java.classes.ExcelReportUGCReportFunctionality" name="ExcelReport" time="145.170"/>
  <system-out/>
</testsuite> <!-- com.test.java.classes.ExcelReportUGCReportFunctionality -->
