<?xml version="1.0" encoding="UTF-8"?>
<!-- Generated by org.testng.reporters.JUnitReportReporter -->
<testsuite hostname="DESKTOP-V20L4KL" failures="0" tests="1" name="com.test.java.classes.LocobuzzPriorityConfigurationUIComponentsFunctionality" time="62.910" errors="0" timestamp="2022-12-20T13:19:30 IST" skipped="0">
  <testcase classname="com.test.java.classes.LocobuzzPriorityConfigurationUIComponentsFunctionality" name="PriorityConfiguration" time="62.910"/>
  <system-out/>
</testsuite> <!-- com.test.java.classes.LocobuzzPriorityConfigurationUIComponentsFunctionality -->
